[19:28:33] [main/INFO]: Logging in with username & password
[19:28:36] [Client thread/INFO]: Setting user: Fatman4586
[19:28:39] [Client thread/WARN]: Skipping bad option: lastServer:
[19:28:39] [Client thread/INFO]: LWJGL Version: 2.9.4
[19:28:39] [Client thread/INFO]: [STDOUT]: ---- Minecraft Crash Report ----
// You're mean.

Time: 4/1/17 7:28 PM
Description: Loading screen debug info

This is just a prompt for computer specs to be printed. THIS IS NOT A ERROR


A detailed walkthrough of the error, its code path and all known details is as follows:
---------------------------------------------------------------------------------------

-- System Details --
Details:
	Minecraft Version: 1.11.2
	Operating System: Linux (amd64) version 4.8.0-41-generic
	Java Version: 1.8.0_71, Oracle Corporation
	Java VM Version: Java HotSpot(TM) 64-Bit Server VM (mixed mode), Oracle Corporation
	Memory: 110267776 bytes (105 MB) / 593494016 bytes (566 MB) up to 1834483712 bytes (1749 MB)
	JVM Flags: 0 total; 
	IntCache: cache: 0, tcache: 0, allocated: 0, tallocated: 0
	FML: 
	Loaded coremods (and transformers): 
	GL info: ' Vendor: 'Intel Open Source Technology Center' Version: '3.0 Mesa 12.0.6' Renderer: 'Mesa DRI Intel(R) Ivybridge Mobile '
[19:28:42] [Client thread/INFO]: Reloading ResourceManager: Default, FMLFileResourcePack:Forge Mod Loader, FMLFileResourcePack:Minecraft Forge, FMLFileResourcePack:HaloCraft
[19:28:42] [Client thread/INFO]: [STDOUT]: Called method: HaloCraft = PREINIT
[19:28:43] [Sound Library Loader/INFO]: Starting up SoundSystem...
[19:28:43] [Thread-7/INFO]: Initializing LWJGL OpenAL
[19:28:43] [Thread-7/INFO]: (The LWJGL binding of OpenAL.  For more information, see http://www.lwjgl.org)
[19:28:43] [Thread-7/INFO]: OpenAL initialized.
[19:28:44] [Sound Library Loader/INFO]: Sound engine started
[19:28:44] [Client thread/INFO]: Created: 16x16 textures-atlas
[19:28:45] [Client thread/INFO]: Reloading ResourceManager: Default, FMLFileResourcePack:Forge Mod Loader, FMLFileResourcePack:Minecraft Forge, FMLFileResourcePack:HaloCraft
[19:28:46] [Client thread/INFO]: SoundSystem shutting down...
[19:28:46] [Client thread/WARN]: Author: Paul Lamb, www.paulscode.com
[19:28:46] [Sound Library Loader/INFO]: Starting up SoundSystem...
[19:28:46] [Thread-9/INFO]: Initializing LWJGL OpenAL
[19:28:46] [Thread-9/INFO]: (The LWJGL binding of OpenAL.  For more information, see http://www.lwjgl.org)
[19:28:46] [Thread-9/INFO]: OpenAL initialized.
[19:28:46] [Sound Library Loader/INFO]: Sound engine started
[19:28:47] [Client thread/INFO]: Created: 512x512 textures-atlas
[19:28:48] [Client thread/WARN]: Skipping bad option: lastServer:
[19:28:54] [Server thread/INFO]: Starting integrated minecraft server version 1.11.2
[19:28:54] [Server thread/INFO]: Generating keypair
[19:28:55] [Server thread/INFO]: Preparing start region for level 0
[19:28:56] [Server thread/INFO]: Preparing spawn area: 41%
[19:28:56] [Server thread/INFO]: Changing view distance to 12, from 10
[19:29:02] [Server thread/INFO]: Fatman4586[local:E:e420c4e9] logged in with entity id 358 at (27.928716533910784, 67.15814676123665, 247.76414347337501)
[19:29:02] [Server thread/INFO]: Fatman4586 joined the game
[19:29:03] [Server thread/INFO]: Saving and pausing game...
[19:29:03] [Server thread/INFO]: Saving chunks for level 'New World'/Overworld
[19:29:03] [Server thread/INFO]: Saving chunks for level 'New World'/Nether
[19:29:03] [Server thread/INFO]: Saving chunks for level 'New World'/The End
[19:29:14] [Server thread/INFO]: Saving and pausing game...
[19:29:14] [Server thread/INFO]: Saving chunks for level 'New World'/Overworld
[19:29:14] [Server thread/INFO]: Saving chunks for level 'New World'/Nether
[19:29:14] [Server thread/INFO]: Saving chunks for level 'New World'/The End
[19:29:16] [Server thread/INFO]: Stopping server
[19:29:16] [Server thread/INFO]: Saving players
[19:29:16] [Server thread/INFO]: Fatman4586 lost connection: TextComponent{text='Disconnected', siblings=[], style=Style{hasParent=false, color=null, bold=null, italic=null, underlined=null, obfuscated=null, clickEvent=null, hoverEvent=null, insertion=null}}
[19:29:16] [Server thread/INFO]: Fatman4586 left the game
[19:29:16] [Server thread/INFO]: Stopping singleplayer server as player logged out
[19:29:16] [Server thread/INFO]: Saving worlds
[19:29:16] [Server thread/INFO]: Saving chunks for level 'New World'/Overworld
[19:29:16] [Server thread/INFO]: Saving chunks for level 'New World'/Nether
[19:29:16] [Server thread/INFO]: Saving chunks for level 'New World'/The End
[19:29:18] [Client thread/INFO]: Stopping!
[19:29:18] [Client thread/INFO]: SoundSystem shutting down...
[19:29:18] [Client thread/WARN]: Author: Paul Lamb, www.paulscode.com
